CRITICAL - 2024-05-10 17:12:14 --> ErrorException: Declaration of App\Controllers\Api\UserController::show() should be compatible with CodeIgniter\RESTful\ResourceController::show($id = NULL)
in APPPATH\Controllers\api\UserController.php on line 26.
 1 APPPATH\Controllers\api\UserController.php(6): CodeIgniter\Debug\Exceptions->errorHandler(2, 'Declaration of App\\Controllers\\Api\\UserController::show() should be compatible with CodeIgniter\\RESTful\\ResourceController::show($id = NULL)', 'C:\\xampp\\htdocs\\tokodia-backend\\app\\Controllers\\api\\UserController.php', 26, [...])
 2 SYSTEMPATH\Autoloader\Autoloader.php(309): include_once('C:\\xampp\\htdocs\\tokodia-backend\\app\\Controllers\\api\\UserController.php')
 3 SYSTEMPATH\Autoloader\Autoloader.php(288): CodeIgniter\Autoloader\Autoloader->includeFile('C:\\xampp\\htdocs\\tokodia-backend\\app\\Controllers\\Api\\UserController.php')
 4 SYSTEMPATH\Autoloader\Autoloader.php(266): CodeIgniter\Autoloader\Autoloader->loadInNamespace('App\\Controllers\\Api\\UserController')
 5 [internal function]: CodeIgniter\Autoloader\Autoloader->loadClass('App\\Controllers\\Api\\UserController')
 6 [internal function]: spl_autoload_call('App\\Controllers\\Api\\UserController')
 7 SYSTEMPATH\CodeIgniter.php(899): class_exists('\\App\\Controllers\\Api\\UserController', true)
 8 SYSTEMPATH\CodeIgniter.php(489): CodeIgniter\CodeIgniter->startController()
 9 SYSTEMPATH\CodeIgniter.php(361): CodeIgniter\CodeIgniter->handleRequest(null, Object(Config\Cache), false)
10 FCPATH\index.php(79): CodeIgniter\CodeIgniter->run()
11 SYSTEMPATH\Commands\Server\rewrite.php(47): require_once('C:\\xampp\\htdocs\\tokodia-backend\\public\\index.php')
CRITICAL - 2024-05-10 17:13:46 --> ErrorException: Declaration of App\Controllers\Api\UserController::update() should be compatible with CodeIgniter\RESTful\ResourceController::update($id = NULL)
in APPPATH\Controllers\api\UserController.php on line 58.
 1 APPPATH\Controllers\api\UserController.php(6): CodeIgniter\Debug\Exceptions->errorHandler(2, 'Declaration of App\\Controllers\\Api\\UserController::update() should be compatible with CodeIgniter\\RESTful\\ResourceController::update($id = NULL)', 'C:\\xampp\\htdocs\\tokodia-backend\\app\\Controllers\\api\\UserController.php', 58, [...])
 2 SYSTEMPATH\Autoloader\Autoloader.php(309): include_once('C:\\xampp\\htdocs\\tokodia-backend\\app\\Controllers\\api\\UserController.php')
 3 SYSTEMPATH\Autoloader\Autoloader.php(288): CodeIgniter\Autoloader\Autoloader->includeFile('C:\\xampp\\htdocs\\tokodia-backend\\app\\Controllers\\Api\\UserController.php')
 4 SYSTEMPATH\Autoloader\Autoloader.php(266): CodeIgniter\Autoloader\Autoloader->loadInNamespace('App\\Controllers\\Api\\UserController')
 5 [internal function]: CodeIgniter\Autoloader\Autoloader->loadClass('App\\Controllers\\Api\\UserController')
 6 [internal function]: spl_autoload_call('App\\Controllers\\Api\\UserController')
 7 SYSTEMPATH\CodeIgniter.php(899): class_exists('\\App\\Controllers\\Api\\UserController', true)
 8 SYSTEMPATH\CodeIgniter.php(489): CodeIgniter\CodeIgniter->startController()
 9 SYSTEMPATH\CodeIgniter.php(361): CodeIgniter\CodeIgniter->handleRequest(null, Object(Config\Cache), false)
10 FCPATH\index.php(79): CodeIgniter\CodeIgniter->run()
11 SYSTEMPATH\Commands\Server\rewrite.php(47): require_once('C:\\xampp\\htdocs\\tokodia-backend\\public\\index.php')
CRITICAL - 2024-05-10 18:23:09 --> CodeIgniter\HTTP\Exceptions\HTTPException: Failed to parse JSON string. Error: Syntax error
in SYSTEMPATH\HTTP\IncomingRequest.php on line 588.
 1 SYSTEMPATH\HTTP\IncomingRequest.php(588): CodeIgniter\HTTP\Exceptions\HTTPException::forInvalidJSON('Syntax error')
 2 APPPATH\Controllers\api\AuthController.php(45): CodeIgniter\HTTP\IncomingRequest->getJSON()
 3 SYSTEMPATH\CodeIgniter.php(941): App\Controllers\Api\AuthController->login()
 4 SYSTEMPATH\CodeIgniter.php(502): CodeIgniter\CodeIgniter->runController(Object(App\Controllers\Api\AuthController))
 5 SYSTEMPATH\CodeIgniter.php(361): CodeIgniter\CodeIgniter->handleRequest(null, Object(Config\Cache), false)
 6 FCPATH\index.php(79): CodeIgniter\CodeIgniter->run()
 7 SYSTEMPATH\Commands\Server\rewrite.php(47): require_once('C:\\xampp\\htdocs\\tokodia-backend\\public\\index.php')
CRITICAL - 2024-05-10 18:23:10 --> CodeIgniter\HTTP\Exceptions\HTTPException: Failed to parse JSON string. Error: Syntax error
in SYSTEMPATH\HTTP\IncomingRequest.php on line 588.
 1 SYSTEMPATH\HTTP\IncomingRequest.php(588): CodeIgniter\HTTP\Exceptions\HTTPException::forInvalidJSON('Syntax error')
 2 APPPATH\Controllers\api\AuthController.php(45): CodeIgniter\HTTP\IncomingRequest->getJSON()
 3 SYSTEMPATH\CodeIgniter.php(941): App\Controllers\Api\AuthController->login()
 4 SYSTEMPATH\CodeIgniter.php(502): CodeIgniter\CodeIgniter->runController(Object(App\Controllers\Api\AuthController))
 5 SYSTEMPATH\CodeIgniter.php(361): CodeIgniter\CodeIgniter->handleRequest(null, Object(Config\Cache), false)
 6 FCPATH\index.php(79): CodeIgniter\CodeIgniter->run()
 7 SYSTEMPATH\Commands\Server\rewrite.php(47): require_once('C:\\xampp\\htdocs\\tokodia-backend\\public\\index.php')
CRITICAL - 2024-05-10 18:23:27 --> CodeIgniter\HTTP\Exceptions\HTTPException: Failed to parse JSON string. Error: Syntax error
in SYSTEMPATH\HTTP\IncomingRequest.php on line 588.
 1 SYSTEMPATH\HTTP\IncomingRequest.php(588): CodeIgniter\HTTP\Exceptions\HTTPException::forInvalidJSON('Syntax error')
 2 APPPATH\Controllers\api\AuthController.php(45): CodeIgniter\HTTP\IncomingRequest->getJSON()
 3 SYSTEMPATH\CodeIgniter.php(941): App\Controllers\Api\AuthController->login()
 4 SYSTEMPATH\CodeIgniter.php(502): CodeIgniter\CodeIgniter->runController(Object(App\Controllers\Api\AuthController))
 5 SYSTEMPATH\CodeIgniter.php(361): CodeIgniter\CodeIgniter->handleRequest(null, Object(Config\Cache), false)
 6 FCPATH\index.php(79): CodeIgniter\CodeIgniter->run()
 7 SYSTEMPATH\Commands\Server\rewrite.php(47): require_once('C:\\xampp\\htdocs\\tokodia-backend\\public\\index.php')
CRITICAL - 2024-05-10 18:23:30 --> CodeIgniter\HTTP\Exceptions\HTTPException: Failed to parse JSON string. Error: Syntax error
in SYSTEMPATH\HTTP\IncomingRequest.php on line 588.
 1 SYSTEMPATH\HTTP\IncomingRequest.php(588): CodeIgniter\HTTP\Exceptions\HTTPException::forInvalidJSON('Syntax error')
 2 APPPATH\Controllers\api\AuthController.php(45): CodeIgniter\HTTP\IncomingRequest->getJSON()
 3 SYSTEMPATH\CodeIgniter.php(941): App\Controllers\Api\AuthController->login()
 4 SYSTEMPATH\CodeIgniter.php(502): CodeIgniter\CodeIgniter->runController(Object(App\Controllers\Api\AuthController))
 5 SYSTEMPATH\CodeIgniter.php(361): CodeIgniter\CodeIgniter->handleRequest(null, Object(Config\Cache), false)
 6 FCPATH\index.php(79): CodeIgniter\CodeIgniter->run()
 7 SYSTEMPATH\Commands\Server\rewrite.php(47): require_once('C:\\xampp\\htdocs\\tokodia-backend\\public\\index.php')
CRITICAL - 2024-05-10 18:24:26 --> CodeIgniter\HTTP\Exceptions\HTTPException: Failed to parse JSON string. Error: Syntax error
in SYSTEMPATH\HTTP\IncomingRequest.php on line 588.
 1 SYSTEMPATH\HTTP\IncomingRequest.php(588): CodeIgniter\HTTP\Exceptions\HTTPException::forInvalidJSON('Syntax error')
 2 APPPATH\Controllers\api\AuthController.php(45): CodeIgniter\HTTP\IncomingRequest->getJSON()
 3 SYSTEMPATH\CodeIgniter.php(941): App\Controllers\Api\AuthController->login()
 4 SYSTEMPATH\CodeIgniter.php(502): CodeIgniter\CodeIgniter->runController(Object(App\Controllers\Api\AuthController))
 5 SYSTEMPATH\CodeIgniter.php(361): CodeIgniter\CodeIgniter->handleRequest(null, Object(Config\Cache), false)
 6 FCPATH\index.php(79): CodeIgniter\CodeIgniter->run()
 7 SYSTEMPATH\Commands\Server\rewrite.php(47): require_once('C:\\xampp\\htdocs\\tokodia-backend\\public\\index.php')
