ERROR - 2024-05-16 05:29:10 --> mysqli_sql_exception: MySQL server has gone away in C:\xampp\htdocs\tokodia-backend\system\Database\MySQLi\Connection.php:306
Stack trace:
#0 C:\xampp\htdocs\tokodia-backend\system\Database\MySQLi\Connection.php(306): mysqli->query('INSERT INTO `us...', 0)
#1 C:\xampp\htdocs\tokodia-backend\system\Database\BaseConnection.php(693): CodeIgniter\Database\MySQLi\Connection->execute('INSERT INTO `us...')
#2 C:\xampp\htdocs\tokodia-backend\system\Database\BaseConnection.php(607): CodeIgniter\Database\BaseConnection->simpleQuery('INSERT INTO `us...')
#3 C:\xampp\htdocs\tokodia-backend\system\Database\BaseBuilder.php(2307): CodeIgniter\Database\BaseConnection->query('INSERT INTO `us...', Array, false)
#4 C:\xampp\htdocs\tokodia-backend\system\Model.php(326): CodeIgniter\Database\BaseBuilder->insert()
#5 C:\xampp\htdocs\tokodia-backend\system\BaseModel.php(802): CodeIgniter\Model->doInsert(Array)
#6 C:\xampp\htdocs\tokodia-backend\system\Model.php(744): CodeIgniter\BaseModel->insert(Array, true)
#7 C:\xampp\htdocs\tokodia-backend\app\Controllers\api\UserController.php(55): CodeIgniter\Model->insert(Array)
#8 C:\xampp\htdocs\tokodia-backend\system\CodeIgniter.php(941): App\Controllers\Api\UserController->create()
#9 C:\xampp\htdocs\tokodia-backend\system\CodeIgniter.php(502): CodeIgniter\CodeIgniter->runController(Object(App\Controllers\Api\UserController))
#10 C:\xampp\htdocs\tokodia-backend\system\CodeIgniter.php(361): CodeIgniter\CodeIgniter->handleRequest(NULL, Object(Config\Cache), false)
#11 C:\xampp\htdocs\tokodia-backend\public\index.php(79): CodeIgniter\CodeIgniter->run()
#12 C:\xampp\htdocs\tokodia-backend\system\Commands\Server\rewrite.php(47): require_once('C:\\xampp\\htdocs...')
#13 {main}
CRITICAL - 2024-05-16 05:29:10 --> CodeIgniter\Database\Exceptions\DatabaseException: MySQL server has gone away
in SYSTEMPATH\Database\BaseConnection.php on line 647.
 1 SYSTEMPATH\Database\BaseBuilder.php(2307): CodeIgniter\Database\BaseConnection->query('INSERT INTO `users` (`name`, `email`, `password`, `phone`, `code`) VALUES (:name:, :email:, :password:, :phone:, :code:)', [...], false)
 2 SYSTEMPATH\Model.php(326): CodeIgniter\Database\BaseBuilder->insert()
 3 SYSTEMPATH\BaseModel.php(802): CodeIgniter\Model->doInsert([...])
 4 SYSTEMPATH\Model.php(744): CodeIgniter\BaseModel->insert([...], true)
 5 APPPATH\Controllers\api\UserController.php(55): CodeIgniter\Model->insert([...])
 6 SYSTEMPATH\CodeIgniter.php(941): App\Controllers\Api\UserController->create()
 7 SYSTEMPATH\CodeIgniter.php(502): CodeIgniter\CodeIgniter->runController(Object(App\Controllers\Api\UserController))
 8 SYSTEMPATH\CodeIgniter.php(361): CodeIgniter\CodeIgniter->handleRequest(null, Object(Config\Cache), false)
 9 FCPATH\index.php(79): CodeIgniter\CodeIgniter->run()
10 SYSTEMPATH\Commands\Server\rewrite.php(47): require_once('C:\\xampp\\htdocs\\tokodia-backend\\public\\index.php')
CRITICAL - 2024-05-16 05:29:10 --> [Caused by] CodeIgniter\Database\Exceptions\DatabaseException: MySQL server has gone away
in SYSTEMPATH\Database\MySQLi\Connection.php on line 311.
 1 SYSTEMPATH\Database\BaseConnection.php(693): CodeIgniter\Database\MySQLi\Connection->execute('INSERT INTO `users` (`name`, `email`, `password`, `phone`, `code`) VALUES (\'adminbaru\', \'admin123@gmail.com\', \'$2y$10$xstQrurpWs/EsBUn.04yNuXwQ0EDFEqxguRLPsU2Nn8QCAO5JF5Ei\', \'\', \'admin123\')')
 2 SYSTEMPATH\Database\BaseConnection.php(607): CodeIgniter\Database\BaseConnection->simpleQuery('INSERT INTO `users` (`name`, `email`, `password`, `phone`, `code`) VALUES (\'adminbaru\', \'admin123@gmail.com\', \'$2y$10$xstQrurpWs/EsBUn.04yNuXwQ0EDFEqxguRLPsU2Nn8QCAO5JF5Ei\', \'\', \'admin123\')')
 3 SYSTEMPATH\Database\BaseBuilder.php(2307): CodeIgniter\Database\BaseConnection->query('INSERT INTO `users` (`name`, `email`, `password`, `phone`, `code`) VALUES (:name:, :email:, :password:, :phone:, :code:)', [...], false)
 4 SYSTEMPATH\Model.php(326): CodeIgniter\Database\BaseBuilder->insert()
 5 SYSTEMPATH\BaseModel.php(802): CodeIgniter\Model->doInsert([...])
 6 SYSTEMPATH\Model.php(744): CodeIgniter\BaseModel->insert([...], true)
 7 APPPATH\Controllers\api\UserController.php(55): CodeIgniter\Model->insert([...])
 8 SYSTEMPATH\CodeIgniter.php(941): App\Controllers\Api\UserController->create()
 9 SYSTEMPATH\CodeIgniter.php(502): CodeIgniter\CodeIgniter->runController(Object(App\Controllers\Api\UserController))
10 SYSTEMPATH\CodeIgniter.php(361): CodeIgniter\CodeIgniter->handleRequest(null, Object(Config\Cache), false)
11 FCPATH\index.php(79): CodeIgniter\CodeIgniter->run()
12 SYSTEMPATH\Commands\Server\rewrite.php(47): require_once('C:\\xampp\\htdocs\\tokodia-backend\\public\\index.php')
CRITICAL - 2024-05-16 05:29:10 --> [Caused by] mysqli_sql_exception: MySQL server has gone away
in SYSTEMPATH\Database\MySQLi\Connection.php on line 306.
 1 SYSTEMPATH\Database\MySQLi\Connection.php(306): mysqli->query('INSERT INTO `users` (`name`, `email`, `password`, `phone`, `code`) VALUES (\'adminbaru\', \'admin123@gmail.com\', \'$2y$10$xstQrurpWs/EsBUn.04yNuXwQ0EDFEqxguRLPsU2Nn8QCAO5JF5Ei\', \'\', \'admin123\')', 0)
 2 SYSTEMPATH\Database\BaseConnection.php(693): CodeIgniter\Database\MySQLi\Connection->execute('INSERT INTO `users` (`name`, `email`, `password`, `phone`, `code`) VALUES (\'adminbaru\', \'admin123@gmail.com\', \'$2y$10$xstQrurpWs/EsBUn.04yNuXwQ0EDFEqxguRLPsU2Nn8QCAO5JF5Ei\', \'\', \'admin123\')')
 3 SYSTEMPATH\Database\BaseConnection.php(607): CodeIgniter\Database\BaseConnection->simpleQuery('INSERT INTO `users` (`name`, `email`, `password`, `phone`, `code`) VALUES (\'adminbaru\', \'admin123@gmail.com\', \'$2y$10$xstQrurpWs/EsBUn.04yNuXwQ0EDFEqxguRLPsU2Nn8QCAO5JF5Ei\', \'\', \'admin123\')')
 4 SYSTEMPATH\Database\BaseBuilder.php(2307): CodeIgniter\Database\BaseConnection->query('INSERT INTO `users` (`name`, `email`, `password`, `phone`, `code`) VALUES (:name:, :email:, :password:, :phone:, :code:)', [...], false)
 5 SYSTEMPATH\Model.php(326): CodeIgniter\Database\BaseBuilder->insert()
 6 SYSTEMPATH\BaseModel.php(802): CodeIgniter\Model->doInsert([...])
 7 SYSTEMPATH\Model.php(744): CodeIgniter\BaseModel->insert([...], true)
 8 APPPATH\Controllers\api\UserController.php(55): CodeIgniter\Model->insert([...])
 9 SYSTEMPATH\CodeIgniter.php(941): App\Controllers\Api\UserController->create()
10 SYSTEMPATH\CodeIgniter.php(502): CodeIgniter\CodeIgniter->runController(Object(App\Controllers\Api\UserController))
11 SYSTEMPATH\CodeIgniter.php(361): CodeIgniter\CodeIgniter->handleRequest(null, Object(Config\Cache), false)
12 FCPATH\index.php(79): CodeIgniter\CodeIgniter->run()
13 SYSTEMPATH\Commands\Server\rewrite.php(47): require_once('C:\\xampp\\htdocs\\tokodia-backend\\public\\index.php')
ERROR - 2024-05-16 05:29:25 --> Error connecting to the database: mysqli_sql_exception: No connection could be made because the target machine actively refused it.
 in C:\xampp\htdocs\tokodia-backend\system\Database\MySQLi\Connection.php:185
Stack trace:
#0 C:\xampp\htdocs\tokodia-backend\system\Database\MySQLi\Connection.php(185): mysqli->real_connect('localhost', 'root', '', 'tokodia_db', 3306, '', 0)
#1 C:\xampp\htdocs\tokodia-backend\system\Database\BaseConnection.php(392): CodeIgniter\Database\MySQLi\Connection->connect(false)
#2 C:\xampp\htdocs\tokodia-backend\system\Database\BaseConnection.php(575): CodeIgniter\Database\BaseConnection->initialize()
#3 C:\xampp\htdocs\tokodia-backend\system\Database\BaseBuilder.php(2307): CodeIgniter\Database\BaseConnection->query('INSERT INTO `us...', Array, false)
#4 C:\xampp\htdocs\tokodia-backend\system\Model.php(326): CodeIgniter\Database\BaseBuilder->insert()
#5 C:\xampp\htdocs\tokodia-backend\system\BaseModel.php(802): CodeIgniter\Model->doInsert(Array)
#6 C:\xampp\htdocs\tokodia-backend\system\Model.php(744): CodeIgniter\BaseModel->insert(Array, true)
#7 C:\xampp\htdocs\tokodia-backend\app\Controllers\api\UserController.php(55): CodeIgniter\Model->insert(Array)
#8 C:\xampp\htdocs\tokodia-backend\system\CodeIgniter.php(941): App\Controllers\Api\UserController->create()
#9 C:\xampp\htdocs\tokodia-backend\system\CodeIgniter.php(502): CodeIgniter\CodeIgniter->runController(Object(App\Controllers\Api\UserController))
#10 C:\xampp\htdocs\tokodia-backend\system\CodeIgniter.php(361): CodeIgniter\CodeIgniter->handleRequest(NULL, Object(Config\Cache), false)
#11 C:\xampp\htdocs\tokodia-backend\public\index.php(79): CodeIgniter\CodeIgniter->run()
#12 C:\xampp\htdocs\tokodia-backend\system\Commands\Server\rewrite.php(47): require_once('C:\\xampp\\htdocs...')
#13 {main}

Next CodeIgniter\Database\Exceptions\DatabaseException: No connection could be made because the target machine actively refused it.
 in C:\xampp\htdocs\tokodia-backend\system\Database\MySQLi\Connection.php:229
Stack trace:
#0 C:\xampp\htdocs\tokodia-backend\system\Database\BaseConnection.php(392): CodeIgniter\Database\MySQLi\Connection->connect(false)
#1 C:\xampp\htdocs\tokodia-backend\system\Database\BaseConnection.php(575): CodeIgniter\Database\BaseConnection->initialize()
#2 C:\xampp\htdocs\tokodia-backend\system\Database\BaseBuilder.php(2307): CodeIgniter\Database\BaseConnection->query('INSERT INTO `us...', Array, false)
#3 C:\xampp\htdocs\tokodia-backend\system\Model.php(326): CodeIgniter\Database\BaseBuilder->insert()
#4 C:\xampp\htdocs\tokodia-backend\system\BaseModel.php(802): CodeIgniter\Model->doInsert(Array)
#5 C:\xampp\htdocs\tokodia-backend\system\Model.php(744): CodeIgniter\BaseModel->insert(Array, true)
#6 C:\xampp\htdocs\tokodia-backend\app\Controllers\api\UserController.php(55): CodeIgniter\Model->insert(Array)
#7 C:\xampp\htdocs\tokodia-backend\system\CodeIgniter.php(941): App\Controllers\Api\UserController->create()
#8 C:\xampp\htdocs\tokodia-backend\system\CodeIgniter.php(502): CodeIgniter\CodeIgniter->runController(Object(App\Controllers\Api\UserController))
#9 C:\xampp\htdocs\tokodia-backend\system\CodeIgniter.php(361): CodeIgniter\CodeIgniter->handleRequest(NULL, Object(Config\Cache), false)
#10 C:\xampp\htdocs\tokodia-backend\public\index.php(79): CodeIgniter\CodeIgniter->run()
#11 C:\xampp\htdocs\tokodia-backend\system\Commands\Server\rewrite.php(47): require_once('C:\\xampp\\htdocs...')
#12 {main}
CRITICAL - 2024-05-16 05:29:25 --> CodeIgniter\Database\Exceptions\DatabaseException: Unable to connect to the database.
Main connection [MySQLi]: No connection could be made because the target machine actively refused it.

in SYSTEMPATH\Database\BaseConnection.php on line 428.
 1 SYSTEMPATH\Database\BaseConnection.php(575): CodeIgniter\Database\BaseConnection->initialize()
 2 SYSTEMPATH\Database\BaseBuilder.php(2307): CodeIgniter\Database\BaseConnection->query('INSERT INTO `users` (`name`, `email`, `password`, `phone`, `code`) VALUES (:name:, :email:, :password:, :phone:, :code:)', [...], false)
 3 SYSTEMPATH\Model.php(326): CodeIgniter\Database\BaseBuilder->insert()
 4 SYSTEMPATH\BaseModel.php(802): CodeIgniter\Model->doInsert([...])
 5 SYSTEMPATH\Model.php(744): CodeIgniter\BaseModel->insert([...], true)
 6 APPPATH\Controllers\api\UserController.php(55): CodeIgniter\Model->insert([...])
 7 SYSTEMPATH\CodeIgniter.php(941): App\Controllers\Api\UserController->create()
 8 SYSTEMPATH\CodeIgniter.php(502): CodeIgniter\CodeIgniter->runController(Object(App\Controllers\Api\UserController))
 9 SYSTEMPATH\CodeIgniter.php(361): CodeIgniter\CodeIgniter->handleRequest(null, Object(Config\Cache), false)
10 FCPATH\index.php(79): CodeIgniter\CodeIgniter->run()
11 SYSTEMPATH\Commands\Server\rewrite.php(47): require_once('C:\\xampp\\htdocs\\tokodia-backend\\public\\index.php')
ERROR - 2024-05-16 05:30:33 --> Error connecting to the database: mysqli_sql_exception: No connection could be made because the target machine actively refused it.
 in C:\xampp\htdocs\tokodia-backend\system\Database\MySQLi\Connection.php:185
Stack trace:
#0 C:\xampp\htdocs\tokodia-backend\system\Database\MySQLi\Connection.php(185): mysqli->real_connect('localhost', 'root', '', 'tokodia_db', 3306, '', 0)
#1 C:\xampp\htdocs\tokodia-backend\system\Database\BaseConnection.php(392): CodeIgniter\Database\MySQLi\Connection->connect(false)
#2 C:\xampp\htdocs\tokodia-backend\system\Database\BaseConnection.php(575): CodeIgniter\Database\BaseConnection->initialize()
#3 C:\xampp\htdocs\tokodia-backend\system\Database\BaseBuilder.php(2307): CodeIgniter\Database\BaseConnection->query('INSERT INTO `us...', Array, false)
#4 C:\xampp\htdocs\tokodia-backend\system\Model.php(326): CodeIgniter\Database\BaseBuilder->insert()
#5 C:\xampp\htdocs\tokodia-backend\system\BaseModel.php(802): CodeIgniter\Model->doInsert(Array)
#6 C:\xampp\htdocs\tokodia-backend\system\Model.php(744): CodeIgniter\BaseModel->insert(Array, true)
#7 C:\xampp\htdocs\tokodia-backend\app\Controllers\api\UserController.php(55): CodeIgniter\Model->insert(Array)
#8 C:\xampp\htdocs\tokodia-backend\system\CodeIgniter.php(941): App\Controllers\Api\UserController->create()
#9 C:\xampp\htdocs\tokodia-backend\system\CodeIgniter.php(502): CodeIgniter\CodeIgniter->runController(Object(App\Controllers\Api\UserController))
#10 C:\xampp\htdocs\tokodia-backend\system\CodeIgniter.php(361): CodeIgniter\CodeIgniter->handleRequest(NULL, Object(Config\Cache), false)
#11 C:\xampp\htdocs\tokodia-backend\public\index.php(79): CodeIgniter\CodeIgniter->run()
#12 C:\xampp\htdocs\tokodia-backend\system\Commands\Server\rewrite.php(47): require_once('C:\\xampp\\htdocs...')
#13 {main}

Next CodeIgniter\Database\Exceptions\DatabaseException: No connection could be made because the target machine actively refused it.
 in C:\xampp\htdocs\tokodia-backend\system\Database\MySQLi\Connection.php:229
Stack trace:
#0 C:\xampp\htdocs\tokodia-backend\system\Database\BaseConnection.php(392): CodeIgniter\Database\MySQLi\Connection->connect(false)
#1 C:\xampp\htdocs\tokodia-backend\system\Database\BaseConnection.php(575): CodeIgniter\Database\BaseConnection->initialize()
#2 C:\xampp\htdocs\tokodia-backend\system\Database\BaseBuilder.php(2307): CodeIgniter\Database\BaseConnection->query('INSERT INTO `us...', Array, false)
#3 C:\xampp\htdocs\tokodia-backend\system\Model.php(326): CodeIgniter\Database\BaseBuilder->insert()
#4 C:\xampp\htdocs\tokodia-backend\system\BaseModel.php(802): CodeIgniter\Model->doInsert(Array)
#5 C:\xampp\htdocs\tokodia-backend\system\Model.php(744): CodeIgniter\BaseModel->insert(Array, true)
#6 C:\xampp\htdocs\tokodia-backend\app\Controllers\api\UserController.php(55): CodeIgniter\Model->insert(Array)
#7 C:\xampp\htdocs\tokodia-backend\system\CodeIgniter.php(941): App\Controllers\Api\UserController->create()
#8 C:\xampp\htdocs\tokodia-backend\system\CodeIgniter.php(502): CodeIgniter\CodeIgniter->runController(Object(App\Controllers\Api\UserController))
#9 C:\xampp\htdocs\tokodia-backend\system\CodeIgniter.php(361): CodeIgniter\CodeIgniter->handleRequest(NULL, Object(Config\Cache), false)
#10 C:\xampp\htdocs\tokodia-backend\public\index.php(79): CodeIgniter\CodeIgniter->run()
#11 C:\xampp\htdocs\tokodia-backend\system\Commands\Server\rewrite.php(47): require_once('C:\\xampp\\htdocs...')
#12 {main}
CRITICAL - 2024-05-16 05:30:33 --> CodeIgniter\Database\Exceptions\DatabaseException: Unable to connect to the database.
Main connection [MySQLi]: No connection could be made because the target machine actively refused it.

in SYSTEMPATH\Database\BaseConnection.php on line 428.
 1 SYSTEMPATH\Database\BaseConnection.php(575): CodeIgniter\Database\BaseConnection->initialize()
 2 SYSTEMPATH\Database\BaseBuilder.php(2307): CodeIgniter\Database\BaseConnection->query('INSERT INTO `users` (`name`, `email`, `password`, `phone`, `code`) VALUES (:name:, :email:, :password:, :phone:, :code:)', [...], false)
 3 SYSTEMPATH\Model.php(326): CodeIgniter\Database\BaseBuilder->insert()
 4 SYSTEMPATH\BaseModel.php(802): CodeIgniter\Model->doInsert([...])
 5 SYSTEMPATH\Model.php(744): CodeIgniter\BaseModel->insert([...], true)
 6 APPPATH\Controllers\api\UserController.php(55): CodeIgniter\Model->insert([...])
 7 SYSTEMPATH\CodeIgniter.php(941): App\Controllers\Api\UserController->create()
 8 SYSTEMPATH\CodeIgniter.php(502): CodeIgniter\CodeIgniter->runController(Object(App\Controllers\Api\UserController))
 9 SYSTEMPATH\CodeIgniter.php(361): CodeIgniter\CodeIgniter->handleRequest(null, Object(Config\Cache), false)
10 FCPATH\index.php(79): CodeIgniter\CodeIgniter->run()
11 SYSTEMPATH\Commands\Server\rewrite.php(47): require_once('C:\\xampp\\htdocs\\tokodia-backend\\public\\index.php')
ERROR - 2024-05-16 05:33:22 --> Error connecting to the database: mysqli_sql_exception: No connection could be made because the target machine actively refused it.
 in C:\xampp\htdocs\tokodia-backend\system\Database\MySQLi\Connection.php:185
Stack trace:
#0 C:\xampp\htdocs\tokodia-backend\system\Database\MySQLi\Connection.php(185): mysqli->real_connect('localhost', 'root', '', 'tokodia_db', 3306, '', 0)
#1 C:\xampp\htdocs\tokodia-backend\system\Database\BaseConnection.php(392): CodeIgniter\Database\MySQLi\Connection->connect(false)
#2 C:\xampp\htdocs\tokodia-backend\system\Database\BaseConnection.php(575): CodeIgniter\Database\BaseConnection->initialize()
#3 C:\xampp\htdocs\tokodia-backend\system\Database\BaseBuilder.php(2307): CodeIgniter\Database\BaseConnection->query('INSERT INTO `us...', Array, false)
#4 C:\xampp\htdocs\tokodia-backend\system\Model.php(326): CodeIgniter\Database\BaseBuilder->insert()
#5 C:\xampp\htdocs\tokodia-backend\system\BaseModel.php(802): CodeIgniter\Model->doInsert(Array)
#6 C:\xampp\htdocs\tokodia-backend\system\Model.php(744): CodeIgniter\BaseModel->insert(Array, true)
#7 C:\xampp\htdocs\tokodia-backend\app\Controllers\api\UserController.php(55): CodeIgniter\Model->insert(Array)
#8 C:\xampp\htdocs\tokodia-backend\system\CodeIgniter.php(941): App\Controllers\Api\UserController->create()
#9 C:\xampp\htdocs\tokodia-backend\system\CodeIgniter.php(502): CodeIgniter\CodeIgniter->runController(Object(App\Controllers\Api\UserController))
#10 C:\xampp\htdocs\tokodia-backend\system\CodeIgniter.php(361): CodeIgniter\CodeIgniter->handleRequest(NULL, Object(Config\Cache), false)
#11 C:\xampp\htdocs\tokodia-backend\public\index.php(79): CodeIgniter\CodeIgniter->run()
#12 C:\xampp\htdocs\tokodia-backend\system\Commands\Server\rewrite.php(47): require_once('C:\\xampp\\htdocs...')
#13 {main}

Next CodeIgniter\Database\Exceptions\DatabaseException: No connection could be made because the target machine actively refused it.
 in C:\xampp\htdocs\tokodia-backend\system\Database\MySQLi\Connection.php:229
Stack trace:
#0 C:\xampp\htdocs\tokodia-backend\system\Database\BaseConnection.php(392): CodeIgniter\Database\MySQLi\Connection->connect(false)
#1 C:\xampp\htdocs\tokodia-backend\system\Database\BaseConnection.php(575): CodeIgniter\Database\BaseConnection->initialize()
#2 C:\xampp\htdocs\tokodia-backend\system\Database\BaseBuilder.php(2307): CodeIgniter\Database\BaseConnection->query('INSERT INTO `us...', Array, false)
#3 C:\xampp\htdocs\tokodia-backend\system\Model.php(326): CodeIgniter\Database\BaseBuilder->insert()
#4 C:\xampp\htdocs\tokodia-backend\system\BaseModel.php(802): CodeIgniter\Model->doInsert(Array)
#5 C:\xampp\htdocs\tokodia-backend\system\Model.php(744): CodeIgniter\BaseModel->insert(Array, true)
#6 C:\xampp\htdocs\tokodia-backend\app\Controllers\api\UserController.php(55): CodeIgniter\Model->insert(Array)
#7 C:\xampp\htdocs\tokodia-backend\system\CodeIgniter.php(941): App\Controllers\Api\UserController->create()
#8 C:\xampp\htdocs\tokodia-backend\system\CodeIgniter.php(502): CodeIgniter\CodeIgniter->runController(Object(App\Controllers\Api\UserController))
#9 C:\xampp\htdocs\tokodia-backend\system\CodeIgniter.php(361): CodeIgniter\CodeIgniter->handleRequest(NULL, Object(Config\Cache), false)
#10 C:\xampp\htdocs\tokodia-backend\public\index.php(79): CodeIgniter\CodeIgniter->run()
#11 C:\xampp\htdocs\tokodia-backend\system\Commands\Server\rewrite.php(47): require_once('C:\\xampp\\htdocs...')
#12 {main}
CRITICAL - 2024-05-16 05:33:22 --> CodeIgniter\Database\Exceptions\DatabaseException: Unable to connect to the database.
Main connection [MySQLi]: No connection could be made because the target machine actively refused it.

in SYSTEMPATH\Database\BaseConnection.php on line 428.
 1 SYSTEMPATH\Database\BaseConnection.php(575): CodeIgniter\Database\BaseConnection->initialize()
 2 SYSTEMPATH\Database\BaseBuilder.php(2307): CodeIgniter\Database\BaseConnection->query('INSERT INTO `users` (`name`, `email`, `password`, `phone`, `code`) VALUES (:name:, :email:, :password:, :phone:, :code:)', [...], false)
 3 SYSTEMPATH\Model.php(326): CodeIgniter\Database\BaseBuilder->insert()
 4 SYSTEMPATH\BaseModel.php(802): CodeIgniter\Model->doInsert([...])
 5 SYSTEMPATH\Model.php(744): CodeIgniter\BaseModel->insert([...], true)
 6 APPPATH\Controllers\api\UserController.php(55): CodeIgniter\Model->insert([...])
 7 SYSTEMPATH\CodeIgniter.php(941): App\Controllers\Api\UserController->create()
 8 SYSTEMPATH\CodeIgniter.php(502): CodeIgniter\CodeIgniter->runController(Object(App\Controllers\Api\UserController))
 9 SYSTEMPATH\CodeIgniter.php(361): CodeIgniter\CodeIgniter->handleRequest(null, Object(Config\Cache), false)
10 FCPATH\index.php(79): CodeIgniter\CodeIgniter->run()
11 SYSTEMPATH\Commands\Server\rewrite.php(47): require_once('C:\\xampp\\htdocs\\tokodia-backend\\public\\index.php')
